[2024-12-02 04:13:57] [1] [WARN] Reporting disabled: using no op test run registrar
[2024-12-02 04:13:57] [1] [ERROR] For some reason test method not found using reflection: verifyDates
[2024-12-02 04:13:57] [1] [INFO] TEST [RimworldTest - verifyDates] STARTED at [13:13:57 2024-12-02]
[2024-12-02 04:13:57] [1] [INFO] Starting driver session...
[2024-12-02 04:13:58] [1] [INFO] Driver session started.
[2024-12-02 04:13:58] [1] [INFO] INFO: opening url 'https://rimworldwiki.com'
[2024-12-02 04:14:04] [1] [INFO] PASS: element 'viewHistory' is clicked.
[2024-12-02 04:14:04] [1] [ERROR] For some reason test method not found using reflection: verifyDates
[2024-12-02 04:14:04] [1] [INFO] TEST [RimworldTest - verifyDates] PASSED at [13:14:04 2024-12-02]
[2024-12-02 04:14:04] [1] [ERROR] For some reason test method not found using reflection: verifyDates
